----------------------------------------------------------------
Mon Apr 25 11:18:42 EEST 2011:
Booting Derby version The Apache Software Foundation - Apache Derby - 10.7.1.1 - (1040133): instance a816c00e-012f-8bbd-3065-000003ce8548 
on database directory memory:/Users/anton/ish/willow/webservices/webservices-web/oncourse  with class loader sun.misc.Launcher$AppClassLoader@1ef6a746 
Loaded from file:/Users/anton/.m2/repository/org/apache/derby/derby/10.7.1.1/derby-10.7.1.1.jar
java.vendor=Apple Inc.
java.runtime.version=1.6.0_24-b07-334-10M3326
Database Class Loader started - derby.database.classpath=''
----------------------------------------------------------------
Mon Apr 25 11:18:46 EEST 2011:
Booting Derby version The Apache Software Foundation - Apache Derby - 10.7.1.1 - (1040133): instance 89c4c45e-012f-8bbd-3065-000003ce8548 
on database directory memory:/Users/anton/ish/willow/webservices/webservices-web/oncourse_binary  with class loader sun.misc.Launcher$AppClassLoader@1ef6a746 
Loaded from file:/Users/anton/.m2/repository/org/apache/derby/derby/10.7.1.1/derby-10.7.1.1.jar
java.vendor=Apple Inc.
java.runtime.version=1.6.0_24-b07-334-10M3326
Database Class Loader started - derby.database.classpath=''
----------------------------------------------------------------
Mon Apr 25 11:18:46 EEST 2011:
Booting Derby version The Apache Software Foundation - Apache Derby - 10.7.1.1 - (1040133): instance dfe544fa-012f-8bbd-3065-000003ce8548 
on database directory memory:/Users/anton/ish/willow/webservices/webservices-web/oncourse_reference  with class loader sun.misc.Launcher$AppClassLoader@1ef6a746 
Loaded from file:/Users/anton/.m2/repository/org/apache/derby/derby/10.7.1.1/derby-10.7.1.1.jar
java.vendor=Apple Inc.
java.runtime.version=1.6.0_24-b07-334-10M3326
Database Class Loader started - derby.database.classpath=''
Database Class Loader started - derby.database.classpath=''
Database Class Loader started - derby.database.classpath=''
Database Class Loader started - derby.database.classpath=''
Database Class Loader started - derby.database.classpath=''
Database Class Loader started - derby.database.classpath=''
Database Class Loader started - derby.database.classpath=''
Database Class Loader started - derby.database.classpath=''
Database Class Loader started - derby.database.classpath=''
Database Class Loader started - derby.database.classpath=''
Database Class Loader started - derby.database.classpath=''
Database Class Loader started - derby.database.classpath=''
Database Class Loader started - derby.database.classpath=''
Database Class Loader started - derby.database.classpath=''
Database Class Loader started - derby.database.classpath=''
Database Class Loader started - derby.database.classpath=''
Database Class Loader started - derby.database.classpath=''
Database Class Loader started - derby.database.classpath=''
